<?xml version="1.0" encoding="UTF-8"?>
<testng-results skipped="0" failed="0" ignored="0" total="0" passed="0">
  <reporter-output>
  </reporter-output>
  <suite name="Default suite" duration-ms="33020" started-at="2020-04-22T15:18:13Z" finished-at="2020-04-22T15:18:46Z">
    <groups>
    </groups>
    <test name="Default test" duration-ms="33020" started-at="2020-04-22T15:18:13Z" finished-at="2020-04-22T15:18:46Z">
      <class name="Adminui.Adminui.Test_czentrix">
        <test-method status="PASS" signature="before()[pri:0, instance:Adminui.Adminui.Test_czentrix@17211155]" name="before" is-config="true" duration-ms="32839" started-at="2020-04-22T15:18:13Z" finished-at="2020-04-22T15:18:46Z">
          <reporter-output>
          </reporter-output>
        </test-method> <!-- before -->
        <test-method status="PASS" signature="endReport()[pri:0, instance:Adminui.Adminui.Test_czentrix@17211155]" name="endReport" is-config="true" duration-ms="174" started-at="2020-04-22T15:18:46Z" finished-at="2020-04-22T15:18:46Z">
          <reporter-output>
          </reporter-output>
        </test-method> <!-- endReport -->
      </class> <!-- Adminui.Adminui.Test_czentrix -->
    </test> <!-- Default test -->
  </suite> <!-- Default suite -->
</testng-results>
